SF:lib/main.dart
DA:18,0
DA:19,0
DA:20,0
DA:21,0
DA:22,0
DA:23,0
DA:32,0
DA:34,0
DA:35,0
DA:37,0
DA:38,0
DA:39,0
DA:40,0
DA:41,0
DA:42,0
DA:43,0
DA:44,0
DA:46,0
DA:47,0
DA:49,0
DA:50,0
DA:52,0
DA:54,0
DA:55,0
DA:56,0
DA:58,0
DA:61,0
DA:62,0
DA:63,0
DA:64,0
DA:67,0
DA:68,0
DA:84,2
DA:90,0
DA:92,2
DA:96,4
DA:97,0
DA:98,0
DA:99,0
DA:100,0
DA:104,0
DA:105,0
DA:107,2
DA:108,2
DA:109,4
DA:110,2
DA:111,2
DA:112,2
DA:113,2
DA:114,2
LF:50
LH:11
end_of_record
SF:lib/named_collections/create_named_collection/bloc/create_screen_bloc.dart
DA:6,1
DA:7,1
DA:8,1
LF:3
LH:3
end_of_record
SF:lib/roller/bloc/roller_screen_bloc.dart
DA:14,2
DA:15,2
DA:18,0
DA:20,0
DA:21,0
DA:22,0
DA:24,0
DA:28,0
DA:29,0
DA:30,0
DA:31,0
DA:33,0
DA:36,2
DA:37,6
DA:38,2
DA:41,1
DA:42,4
DA:43,0
DA:44,0
DA:45,4
DA:46,2
DA:47,1
DA:49,0
DA:50,0
DA:55,1
DA:57,2
DA:58,1
DA:59,2
DA:60,1
DA:61,1
DA:62,1
DA:65,2
DA:66,1
DA:68,1
DA:69,1
DA:72,1
DA:73,1
DA:74,1
DA:77,1
DA:78,1
DA:79,1
DA:81,1
LF:42
LH:28
end_of_record
SF:lib/session_history/model/session_history_model.dart
DA:7,1
DA:8,3
DA:11,0
DA:12,0
DA:13,0
DA:14,0
DA:17,0
DA:18,0
DA:19,0
LF:9
LH:2
end_of_record
SF:lib/core/mult_counter.dart
DA:16,2
DA:27,0
DA:28,2
DA:30,2
DA:32,2
DA:33,1
DA:35,1
DA:36,1
DA:37,1
DA:38,1
DA:43,2
DA:44,0
DA:46,0
DA:47,0
DA:48,0
DA:49,0
DA:54,1
DA:57,1
DA:58,1
DA:60,1
DA:63,1
DA:64,2
DA:65,1
DA:66,2
DA:67,2
DA:68,2
DA:71,1
DA:74,1
DA:76,1
DA:79,1
DA:80,1
DA:82,1
DA:83,1
DA:85,1
DA:88,1
DA:91,1
DA:93,1
DA:94,1
DA:96,3
DA:97,0
DA:98,0
LF:41
LH:33
end_of_record
SF:lib/named_collections/create_named_collection/ui/create_named_collection_screen.dart
DA:22,1
DA:25,1
DA:27,0
DA:28,0
DA:35,1
DA:37,1
DA:38,1
DA:39,1
DA:40,2
DA:42,2
DA:43,2
DA:44,0
DA:45,1
DA:47,2
DA:48,2
DA:49,0
DA:50,1
DA:53,1
DA:54,1
DA:64,1
DA:69,1
DA:72,1
DA:74,1
DA:75,1
DA:77,2
DA:78,1
DA:79,1
DA:80,1
DA:81,1
DA:82,1
DA:83,1
DA:84,1
DA:85,0
DA:86,0
DA:90,2
DA:91,1
DA:92,1
DA:93,1
DA:94,1
DA:101,1
DA:102,1
DA:103,1
DA:105,1
DA:111,1
DA:116,1
DA:117,1
DA:128,1
DA:135,1
DA:138,1
DA:140,1
DA:142,1
DA:143,1
DA:144,1
DA:145,1
DA:146,1
DA:147,1
DA:148,1
DA:152,2
DA:153,1
DA:154,1
DA:155,1
DA:156,1
DA:157,1
DA:158,1
DA:159,1
DA:163,1
DA:165,1
DA:167,1
DA:168,1
DA:169,2
DA:171,1
DA:172,1
DA:173,1
DA:188,1
DA:193,1
DA:194,1
DA:195,1
DA:196,1
DA:197,2
DA:198,0
DA:200,0
DA:201,0
DA:203,0
DA:204,0
DA:206,0
DA:207,0
DA:215,2
DA:217,1
DA:219,2
DA:221,1
DA:223,1
DA:224,1
DA:225,1
DA:226,1
DA:227,0
DA:228,0
DA:231,1
DA:232,1
DA:233,1
DA:234,1
DA:236,1
DA:237,1
DA:238,1
DA:239,0
DA:241,0
DA:242,0
DA:246,0
DA:261,1
DA:265,1
DA:273,1
DA:278,1
DA:279,1
DA:281,1
DA:282,1
DA:283,1
DA:285,2
DA:286,1
DA:287,1
DA:288,2
DA:289,1
DA:295,1
DA:297,2
DA:299,1
DA:301,1
DA:302,1
DA:303,1
DA:304,1
DA:305,1
DA:306,1
DA:309,1
DA:310,1
DA:311,1
DA:312,1
DA:313,1
DA:316,1
DA:317,1
DA:318,1
DA:319,0
DA:320,0
DA:321,0
DA:322,0
DA:323,0
DA:327,0
DA:328,0
DA:330,0
DA:333,0
DA:334,0
DA:336,0
DA:352,1
DA:355,0
DA:356,0
DA:357,0
DA:358,0
DA:359,0
DA:360,0
DA:363,0
DA:364,0
DA:365,0
DA:367,0
DA:370,0
DA:371,0
DA:373,0
DA:380,0
DA:383,0
DA:384,0
DA:386,0
LF:166
LH:119
end_of_record
SF:lib/named_collections/create_named_collection/ui/create_named_collection_screen_keys.dart
DA:4,3
DA:5,3
DA:6,3
DA:7,3
DA:8,3
DA:9,3
DA:10,3
DA:11,3
DA:12,3
DA:14,1
DA:15,2
LF:11
LH:11
end_of_record
SF:lib/ads/bloc/ad_mob_bloc.dart
DA:5,0
DA:6,0
DA:8,4
DA:9,2
LF:4
LH:2
end_of_record
SF:lib/app_preferences/ui/app_preferences.dart
DA:7,0
DA:8,0
DA:12,0
DA:14,0
DA:15,0
DA:16,0
DA:21,0
DA:22,0
DA:24,0
DA:25,0
DA:27,0
DA:39,0
DA:44,0
DA:52,0
DA:54,0
DA:61,0
DA:62,0
DA:63,0
DA:64,0
DA:65,0
DA:69,0
DA:71,0
DA:72,0
DA:73,0
DA:76,0
DA:78,0
DA:79,0
DA:80,0
DA:81,0
DA:82,0
DA:83,0
DA:84,0
DA:86,0
DA:88,0
DA:90,0
DA:91,0
DA:93,0
DA:94,0
DA:95,0
DA:96,0
DA:97,0
DA:105,0
DA:106,0
DA:107,0
DA:108,0
DA:109,0
DA:110,0
DA:111,0
DA:112,0
DA:113,0
DA:117,0
DA:118,0
DA:119,0
DA:120,0
DA:121,0
DA:122,0
DA:123,0
DA:124,0
DA:126,0
DA:140,0
DA:142,0
DA:143,0
DA:149,0
DA:151,0
DA:152,0
DA:153,0
DA:154,0
DA:155,0
DA:156,0
DA:159,0
DA:160,0
DA:161,0
DA:162,0
DA:163,0
DA:164,0
DA:165,0
DA:168,0
DA:171,0
LF:78
LH:0
end_of_record
SF:lib/app_theme/bloc/app_theme_bloc.dart
DA:6,0
DA:20,0
DA:22,0
DA:23,0
DA:24,0
DA:28,0
DA:35,0
DA:36,0
DA:37,0
DA:38,0
DA:39,0
DA:40,0
DA:41,0
DA:42,0
DA:43,0
DA:46,0
DA:52,0
DA:56,0
DA:57,0
DA:58,0
DA:59,0
DA:60,0
DA:63,0
DA:66,0
DA:67,0
DA:70,0
DA:71,0
DA:74,0
DA:80,0
DA:81,0
DA:83,0
DA:84,0
DA:85,0
DA:86,0
DA:87,0
DA:88,0
DA:89,0
DA:90,0
DA:91,0
DA:92,0
DA:93,0
DA:96,0
DA:104,0
LF:43
LH:0
end_of_record
SF:lib/app_theme/model/app_theme.dart
DA:18,0
DA:27,0
DA:28,0
DA:32,0
DA:33,0
DA:36,0
LF:6
LH:0
end_of_record
SF:lib/app_wide_keys.dart
DA:4,3
DA:5,0
LF:2
LH:1
end_of_record
SF:lib/core/base_collection_models/collection_model.dart
DA:16,0
DA:17,0
DA:18,0
DA:21,0
DA:22,0
DA:23,0
DA:25,0
DA:27,0
DA:30,1
DA:36,0
DA:38,0
DA:39,0
DA:40,0
DA:43,0
DA:44,0
DA:45,0
DA:48,0
DA:49,0
DA:50,0
DA:52,0
DA:53,0
DA:55,0
DA:58,0
DA:59,0
DA:60,0
DA:61,0
DA:62,0
DA:63,0
LF:28
LH:1
end_of_record
SF:lib/core/base_collection_models/single_type_collection_model.dart
DA:14,0
DA:15,0
DA:16,0
DA:19,0
DA:20,0
DA:21,0
DA:23,0
DA:25,0
DA:28,0
DA:29,0
DA:30,0
DA:33,2
DA:35,1
DA:36,1
DA:37,2
DA:38,4
DA:39,2
DA:40,1
DA:41,2
DA:46,1
DA:56,2
DA:57,1
DA:58,2
DA:59,2
DA:61,1
DA:65,1
DA:66,5
DA:69,1
DA:72,6
DA:73,2
DA:74,2
DA:79,1
DA:81,6
DA:87,1
DA:88,1
DA:89,1
DA:90,2
DA:91,1
LF:38
LH:27
end_of_record
SF:lib/core/base_collection_models/named_collection_model.dart
DA:11,1
DA:16,1
DA:23,0
DA:24,0
DA:25,0
DA:26,0
DA:27,0
DA:28,0
DA:29,0
DA:30,0
DA:31,0
DA:32,0
DA:34,0
DA:38,1
DA:40,1
DA:41,3
DA:43,2
DA:46,1
DA:47,1
DA:49,1
DA:51,1
DA:57,1
DA:59,2
DA:60,1
DA:62,3
DA:64,1
DA:65,1
DA:67,3
DA:68,2
DA:69,1
DA:71,4
DA:75,0
DA:76,0
DA:79,0
DA:81,0
DA:82,0
DA:83,0
DA:84,0
DA:85,0
LF:39
LH:20
end_of_record
SF:lib/core/dice_types.dart
DA:1,2
DA:2,2
DA:3,2
DA:4,2
DA:5,2
DA:6,2
DA:7,2
DA:8,2
DA:11,6
DA:21,3
DA:32,3
DA:42,6
LF:12
LH:12
end_of_record
SF:lib/core/base_collection_models/named_multi_collection_model.dart
DA:8,1
DA:13,1
DA:20,1
DA:23,1
DA:24,3
DA:25,2
DA:27,1
DA:28,1
DA:30,1
DA:31,1
DA:39,0
DA:40,0
DA:41,0
DA:42,0
DA:43,0
DA:44,0
DA:47,0
DA:49,0
DA:50,0
DA:51,0
DA:52,0
DA:53,0
LF:22
LH:10
end_of_record
SF:lib/core/base_collection_rows/collection_row.dart
DA:7,2
DA:8,2
DA:9,2
DA:10,2
DA:23,1
DA:34,0
DA:40,0
DA:41,0
DA:42,0
DA:48,0
DA:49,0
DA:53,1
DA:57,1
DA:58,1
DA:62,1
DA:66,0
DA:71,0
DA:72,0
DA:76,0
DA:77,0
DA:78,0
DA:83,1
DA:85,1
DA:86,1
DA:87,1
DA:88,0
DA:89,1
DA:90,1
DA:91,1
DA:92,1
DA:93,1
DA:98,0
DA:100,0
DA:113,1
DA:120,1
DA:124,1
DA:126,1
DA:130,1
DA:132,1
DA:134,1
DA:137,2
DA:138,2
DA:139,0
DA:141,0
DA:143,1
DA:145,4
DA:146,1
DA:148,2
DA:149,1
DA:150,1
DA:151,0
DA:152,1
DA:153,1
DA:154,2
DA:156,1
DA:157,1
DA:158,1
DA:159,2
DA:160,1
DA:162,1
DA:164,1
DA:166,2
DA:167,1
DA:168,2
DA:170,0
DA:171,1
DA:173,1
DA:174,2
DA:175,2
DA:176,0
DA:178,0
DA:179,0
DA:180,0
DA:181,0
DA:185,1
DA:186,1
DA:188,1
DA:191,1
DA:192,1
DA:193,1
DA:194,1
DA:195,1
DA:196,3
DA:197,1
DA:202,1
DA:204,1
DA:205,1
DA:208,1
DA:210,1
DA:213,1
DA:214,1
DA:215,3
DA:216,1
DA:217,1
DA:219,1
DA:220,1
DA:221,3
DA:222,1
DA:223,1
DA:225,1
DA:233,1
DA:236,1
DA:240,0
DA:243,0
DA:245,1
DA:248,2
DA:249,0
DA:253,1
DA:256,1
DA:258,1
DA:261,1
DA:262,0
DA:263,0
DA:266,2
DA:268,2
DA:269,2
DA:270,1
DA:273,1
DA:274,1
DA:275,2
LF:120
LH:91
end_of_record
SF:lib/core/base_collection_rows/collection_row_keys.dart
DA:4,6
DA:5,6
LF:2
LH:2
end_of_record
SF:lib/core/base_collection_rows/single_type_collection_row.dart
DA:16,2
DA:23,1
DA:28,0
DA:29,1
DA:30,1
DA:37,1
DA:41,1
DA:44,1
DA:48,2
DA:50,2
DA:51,2
DA:52,2
DA:53,2
DA:54,2
DA:56,0
DA:57,2
DA:58,2
DA:73,2
DA:78,0
DA:79,0
DA:81,2
DA:84,2
DA:85,2
DA:86,4
DA:88,2
DA:89,0
DA:91,5
DA:92,4
DA:94,4
DA:95,0
DA:97,2
DA:99,4
DA:100,2
DA:101,2
DA:102,2
DA:103,2
DA:104,2
DA:105,4
DA:107,2
DA:108,2
DA:109,2
DA:110,2
DA:112,2
DA:115,2
DA:116,2
DA:117,2
DA:119,2
DA:122,2
DA:123,2
DA:124,2
DA:125,2
DA:129,2
DA:130,2
DA:131,2
DA:132,2
DA:133,2
DA:137,2
DA:138,2
DA:140,2
DA:141,2
DA:142,2
DA:144,2
DA:145,2
DA:146,2
DA:147,2
DA:148,1
DA:149,1
DA:151,2
DA:152,6
DA:154,6
DA:156,2
DA:158,2
DA:159,2
DA:161,2
DA:162,2
DA:163,2
DA:165,2
DA:166,2
DA:167,2
DA:168,2
DA:169,2
DA:173,2
DA:174,1
DA:175,1
DA:176,1
DA:177,1
DA:178,1
DA:179,1
DA:187,2
DA:188,1
DA:190,1
DA:191,1
DA:194,1
DA:197,2
DA:199,1
DA:202,1
DA:206,1
DA:209,1
DA:210,2
DA:212,2
DA:213,1
DA:214,1
DA:216,1
DA:217,1
LF:104
LH:98
end_of_record
SF:lib/core/mult_button.dart
DA:7,1
DA:11,1
DA:13,1
DA:15,1
DA:16,1
DA:17,1
DA:19,2
DA:20,2
DA:21,1
DA:25,1
DA:26,1
DA:27,1
DA:28,1
DA:29,1
DA:33,1
LF:15
LH:15
end_of_record
SF:lib/core/mult_button_keys.dart
DA:4,3
DA:5,3
LF:2
LH:2
end_of_record
SF:lib/core/streams/pipes.dart
DA:8,0
DA:10,0
DA:11,0
DA:14,0
DA:15,0
DA:19,0
DA:20,0
DA:29,0
DA:31,0
DA:32,0
DA:35,0
DA:36,0
DA:40,0
DA:41,0
DA:52,0
DA:54,0
DA:55,0
DA:58,0
DA:59,0
DA:63,0
DA:64,0
LF:21
LH:0
end_of_record
SF:lib/named_collections/choose_named_collection/ui/choose_named_collection_screen.dart
DA:18,0
DA:20,0
DA:21,0
DA:22,0
DA:28,0
DA:30,0
DA:38,0
DA:40,0
DA:43,0
DA:45,0
DA:46,0
DA:47,0
DA:48,0
DA:49,0
DA:52,0
DA:54,0
DA:55,0
DA:56,0
DA:57,0
DA:58,0
DA:59,0
DA:61,0
DA:62,0
DA:63,0
DA:64,0
DA:67,0
DA:68,0
DA:70,0
DA:72,0
DA:73,0
DA:74,0
DA:75,0
DA:76,0
DA:77,0
DA:78,0
DA:82,0
DA:84,0
DA:86,0
DA:88,0
DA:89,0
DA:90,0
DA:91,0
DA:92,0
DA:93,0
DA:98,0
DA:99,0
DA:106,0
DA:111,0
DA:112,0
DA:113,0
DA:115,0
DA:118,0
DA:121,0
DA:126,0
DA:127,0
DA:128,0
DA:129,0
DA:135,0
DA:137,0
DA:138,0
DA:139,0
DA:141,0
DA:142,0
DA:146,0
DA:147,0
DA:148,0
DA:149,0
DA:150,0
DA:151,0
DA:152,0
DA:154,0
DA:155,0
DA:156,0
DA:157,0
LF:74
LH:0
end_of_record
SF:lib/navigation/dice_roller_drawer.dart
DA:5,0
DA:7,0
DA:8,0
DA:9,0
DA:10,0
DA:12,0
DA:13,0
DA:15,0
DA:17,0
DA:18,0
DA:19,0
DA:21,0
DA:23,0
DA:24,0
DA:25,0
DA:26,0
DA:28,0
DA:29,0
DA:30,0
DA:31,0
DA:33,0
DA:35,0
DA:36,0
DA:37,0
DA:38,0
DA:40,0
DA:41,0
DA:42,0
DA:43,0
DA:45,0
DA:47,0
DA:48,0
DA:49,0
DA:50,0
DA:52,0
DA:53,0
DA:54,0
DA:55,0
DA:57,0
DA:59,0
DA:60,0
DA:61,0
DA:62,0
DA:64,0
DA:65,0
DA:66,0
DA:67,0
DA:68,0
DA:69,0
DA:70,0
DA:71,0
DA:74,0
DA:76,0
DA:77,0
DA:78,0
DA:79,0
DA:81,0
DA:82,0
DA:83,0
LF:59
LH:0
end_of_record
SF:lib/roller/ui/roller_screen.dart
DA:16,1
DA:18,1
DA:20,1
DA:21,1
DA:23,1
DA:24,1
DA:25,1
DA:26,1
DA:27,1
DA:29,3
DA:30,2
DA:31,1
DA:32,3
DA:34,2
DA:35,1
DA:36,1
DA:38,1
DA:40,1
DA:42,1
DA:46,2
DA:47,3
DA:48,1
DA:50,1
DA:56,1
DA:58,2
DA:60,1
DA:62,1
DA:64,1
DA:65,1
DA:66,1
DA:67,1
DA:68,1
DA:69,1
DA:72,1
DA:73,1
DA:74,1
DA:75,1
DA:76,1
DA:79,1
DA:80,1
DA:81,1
DA:82,1
DA:83,1
DA:92,1
DA:93,1
LF:45
LH:45
end_of_record
SF:lib/session_history/ui/session_history_screen.dart
DA:7,0
DA:10,0
DA:11,0
DA:13,0
DA:14,0
DA:17,0
DA:21,0
DA:22,0
DA:23,0
DA:25,0
DA:26,0
DA:27,0
DA:28,0
DA:29,0
DA:30,0
DA:33,0
DA:34,0
DA:36,0
DA:40,0
DA:41,0
DA:43,0
DA:44,0
DA:45,0
DA:47,0
DA:48,0
DA:49,0
DA:50,0
DA:56,0
DA:57,0
DA:58,0
DA:59,0
DA:61,0
DA:62,0
DA:63,0
DA:64,0
DA:65,0
LF:36
LH:0
end_of_record
SF:lib/named_collections/choose_named_collection/bloc/view_named_collections_bloc.dart
DA:25,0
DA:26,0
DA:28,0
DA:29,0
DA:31,0
DA:36,0
DA:37,0
DA:40,0
DA:42,0
DA:43,0
DA:44,0
DA:45,0
DA:46,0
DA:47,0
DA:48,0
DA:49,0
DA:50,0
DA:52,0
DA:53,0
DA:54,0
DA:59,0
DA:60,0
DA:61,0
DA:63,0
DA:69,0
DA:70,0
DA:71,0
DA:72,0
DA:75,0
DA:76,0
DA:77,0
DA:78,0
DA:87,0
DA:88,0
DA:89,0
DA:91,0
DA:92,0
DA:94,0
DA:95,0
DA:100,0
DA:101,0
DA:102,0
DA:103,0
DA:104,0
DA:105,0
DA:107,0
DA:108,0
DA:110,0
DA:112,0
DA:113,0
DA:115,0
DA:116,0
DA:117,0
DA:120,0
DA:121,0
DA:122,0
DA:126,0
DA:127,0
DA:128,0
DA:132,0
DA:133,0
DA:134,0
DA:135,0
DA:137,0
DA:141,0
DA:142,0
DA:143,0
DA:144,0
DA:146,0
DA:147,0
DA:156,0
DA:157,0
DA:158,0
DA:159,0
DA:161,0
DA:162,0
DA:163,0
LF:77
LH:0
end_of_record
SF:lib/named_collections/create_named_collection/model/create_model.dart
DA:8,0
DA:9,0
DA:10,0
DA:13,0
DA:14,0
DA:15,0
DA:16,0
DA:20,0
DA:21,0
DA:22,0
LF:10
LH:0
end_of_record
SF:lib/named_collections/create_named_collection/model/named_collection_create_model.dart
DA:10,1
DA:11,0
DA:12,0
DA:13,0
DA:14,0
DA:17,1
DA:19,0
DA:20,0
DA:25,0
DA:26,0
DA:27,0
DA:28,0
DA:30,0
DA:33,1
DA:34,2
DA:35,1
DA:38,1
DA:40,1
DA:41,2
DA:42,1
DA:45,0
DA:47,0
DA:50,0
DA:52,0
DA:53,0
DA:57,0
DA:58,0
DA:59,0
DA:60,0
DA:61,0
DA:67,0
DA:68,0
DA:69,0
DA:70,0
DA:71,0
DA:72,0
DA:73,0
DA:75,0
DA:76,0
DA:77,0
DA:78,0
DA:81,0
LF:42
LH:9
end_of_record
SF:lib/named_collections/create_named_collection/model/named_multi_collection_create_model.dart
DA:11,1
DA:13,0
DA:14,0
DA:15,0
DA:19,0
DA:20,0
DA:21,0
DA:24,0
DA:25,0
DA:26,0
DA:29,0
DA:30,0
DA:31,0
DA:34,0
DA:35,0
DA:36,0
DA:39,0
DA:40,0
DA:43,0
DA:44,0
DA:45,0
DA:46,0
DA:47,0
DA:52,0
DA:53,0
DA:54,0
DA:55,0
DA:56,0
DA:57,0
DA:59,0
DA:60,0
DA:61,0
DA:64,0
LF:33
LH:1
end_of_record
SF:lib/roller/ui/roller_modal_sheet.dart
DA:10,1
DA:15,1
DA:17,1
DA:19,1
DA:20,3
DA:21,1
DA:23,1
DA:24,1
DA:25,1
DA:27,1
LF:10
LH:10
end_of_record
SF:lib/utility/utility_class.dart
DA:9,3
DA:11,1
DA:13,1
DA:15,2
DA:16,3
DA:18,2
DA:23,1
DA:26,1
DA:28,1
DA:29,3
DA:30,6
DA:31,1
DA:32,2
DA:34,3
DA:35,2
DA:36,3
DA:38,2
DA:39,2
DA:40,1
DA:41,3
DA:42,1
DA:43,1
DA:47,1
DA:49,2
DA:50,1
DA:51,3
DA:52,2
DA:57,1
DA:59,1
DA:60,1
DA:61,1
DA:62,1
DA:64,2
DA:66,2
DA:68,3
DA:69,1
DA:72,1
DA:73,2
DA:74,2
DA:76,3
DA:77,1
LF:41
LH:41
end_of_record
SF:lib/roller/ui/roll_result.dart
DA:14,1
DA:23,1
DA:26,1
DA:27,1
DA:28,1
DA:29,1
DA:30,1
DA:31,3
DA:32,1
DA:33,1
DA:34,1
DA:35,3
DA:39,3
DA:40,2
DA:41,2
DA:43,1
DA:45,1
DA:46,1
DA:49,3
DA:50,1
DA:52,1
DA:58,1
DA:59,1
DA:60,2
DA:61,1
DA:62,3
DA:63,1
DA:64,2
DA:65,1
DA:68,3
DA:69,2
DA:71,1
DA:72,1
DA:75,1
DA:78,2
DA:79,1
DA:84,1
DA:85,1
DA:86,1
DA:87,3
DA:88,1
DA:91,1
DA:92,1
DA:93,1
DA:94,4
DA:95,1
DA:96,1
DA:97,1
DA:98,1
DA:100,1
DA:101,1
DA:102,2
DA:103,3
DA:104,1
DA:113,1
DA:115,2
DA:116,1
DA:117,2
DA:118,2
DA:120,1
LF:60
LH:60
end_of_record
SF:lib/roller/ui/roller_screen_keys.dart
DA:5,3
DA:6,3
DA:7,3
LF:3
LH:3
end_of_record
SF:lib/uikit/screen_divider.dart
DA:4,0
DA:6,0
DA:9,0
LF:3
LH:0
end_of_record
